[2026-04-29 15:56:15] === Restart script started ===
[2026-04-29 15:56:15] Stopping old stellaclaw (PID: 193554) ...
[2026-04-29 15:56:15] Stopping old stellaclaw (PID: 193554) ...
[2026-04-29 16:36:52] === Restart script started ===
[2026-04-29 16:36:52] === Restart script started ===
[2026-04-29 16:36:52] Stopping old stellaclaw (PID: 193774) ...
[2026-04-29 16:36:52] Stopping old stellaclaw (PID: 193774) ...
[2026-04-29 16:36:53] Old process exited.
[2026-04-29 16:36:53] Old process exited.
[2026-04-29 16:36:53] Building stellaclaw (release) ...
[2026-04-29 16:36:53] Building stellaclaw (release) ...
restart_with_web.sh: line 39: cargo: command not found
restart_with_web.sh: line 39: cargo: command not found
[2026-04-29 16:40:39] === Graceful restart started ===
[2026-04-29 16:40:39] Stopping old stellaclaw (PID: 198634) ...
[2026-04-29 16:42:59] === Graceful restart started ===
[2026-04-29 16:42:59] Stopping old stellaclaw (PID: 199333) ...
[2026-04-29 16:46:59] === Restart script started ===
[2026-04-29 16:46:59] Stopping old stellaclaw (PID: 199803) ...
[2026-04-29 16:47:00] Old process exited.
[2026-04-29 16:47:00] Building stellaclaw (release) ...
warning: unused import: `write_workspace_file`
  --> stellaclaw/src/channels/web.rs:37:35
   |
37 |         upload_workspace_archive, write_workspace_file, RemoteActorError,
   |                                   ^^^^^^^^^^^^^^^^^^^^
   |
   = note: `#[warn(unused_imports)]` (part of `#[warn(unused)]`) on by default

warning: unused import: `Write`
 --> stellaclaw/src/remote_actor.rs:3:32
  |
3 |     io::{Read, Seek, SeekFrom, Write},
  |                                ^^^^^

warning: function `write_workspace_file` is never used
   --> stellaclaw/src/remote_actor.rs:280:8
    |
280 | pub fn write_workspace_file(
    |        ^^^^^^^^^^^^^^^^^^^^
    |
    = note: `#[warn(dead_code)]` (part of `#[warn(unused)]`) on by default

warning: `stellaclaw` (bin "stellaclaw") generated 3 warnings (run `cargo fix --bin "stellaclaw" -p stellaclaw` to apply 1 suggestion)
    Finished `release` profile [optimized] target(s) in 0.13s
[2026-04-29 16:47:00] Build complete.
[2026-04-29 16:47:00] Starting stellaclaw ...
[2026-04-29 16:47:00]   config: /home/liuhao/ClawParty/deploy_prod.json
[2026-04-29 16:47:00]   workdir: /home/liuhao/clawparty_workdir
[2026-04-29 16:50:00] === Graceful restart started ===
[2026-04-29 16:50:00] Stopping old stellaclaw (PID: 200426) ...
[2026-04-29 16:50:00] All old processes exited after 1s
[2026-04-29 16:50:00] Loaded .env
[2026-04-29 16:50:00] Starting new stellaclaw ...
[2026-04-29 16:50:00]   config: /home/liuhao/ClawParty/deploy_prod.json
[2026-04-29 16:50:00]   workdir: /home/liuhao/clawparty_workdir
[2026-04-29 16:50:00] New stellaclaw started (PID: 201776)
[2026-04-29 16:50:03] New process is running. Restart complete.
[2026-04-29 17:29:34] === Graceful restart started ===
[2026-04-29 17:29:34] Stopping old stellaclaw (PID: 201776) ...
[2026-04-29 17:29:34] Stopping old stellaclaw (PID: 201790) ...
[2026-04-29 17:29:34] All old processes exited after 1s
[2026-04-29 17:29:34] Loaded .env
[2026-04-29 17:29:34] Starting new stellaclaw ...
[2026-04-29 17:29:34]   config: /home/liuhao/ClawParty/deploy_prod.json
[2026-04-29 17:29:34]   workdir: /home/liuhao/clawparty_workdir
[2026-04-29 17:29:34] New stellaclaw started (PID: 209554)
[2026-04-29 17:29:37] New process is running. Restart complete.
[2026-05-01 14:13:46] === Graceful restart started ===
[2026-05-01 14:13:46] Stopping old stellaclaw (PID: 13391) ...
